<?xml version="1.0" encoding="UTF-8"?>
<testsuite xmlns:xsi="http://www.w3.org/2001/XMLSchema-instance" xsi:noNamespaceSchemaLocation="https://maven.apache.org/surefire/maven-surefire-plugin/xsd/surefire-test-report.xsd" name="org.neo4j.neo4jspringbootintegrationtests.domain.ThingRepositoryTest" time="12.65" tests="5" errors="0" skipped="0" failures="0">
  <properties>
    <property name="awt.toolkit" value="sun.lwawt.macosx.LWCToolkit"/>
    <property name="java.specification.version" value="12"/>
    <property name="sun.jnu.encoding" value="UTF-8"/>
    <property name="java.class.path" value="/Users/gerritmeier/projects/neo4j/neo4j-spring-boot-integration-tests/spring-boot-2.2/target/test-classes:/Users/gerritmeier/projects/neo4j/neo4j-spring-boot-integration-tests/spring-boot-2.2/target/classes:/Users/gerritmeier/.m2/repository/org/springframework/boot/spring-boot-starter-data-neo4j/2.2.1.RELEASE/spring-boot-starter-data-neo4j-2.2.1.RELEASE.jar:/Users/gerritmeier/.m2/repository/org/springframework/boot/spring-boot-starter/2.2.1.RELEASE/spring-boot-starter-2.2.1.RELEASE.jar:/Users/gerritmeier/.m2/repository/org/springframework/boot/spring-boot/2.2.1.RELEASE/spring-boot-2.2.1.RELEASE.jar:/Users/gerritmeier/.m2/repository/org/springframework/boot/spring-boot-autoconfigure/2.2.1.RELEASE/spring-boot-autoconfigure-2.2.1.RELEASE.jar:/Users/gerritmeier/.m2/repository/org/springframework/boot/spring-boot-starter-logging/2.2.1.RELEASE/spring-boot-starter-logging-2.2.1.RELEASE.jar:/Users/gerritmeier/.m2/repository/ch/qos/logback/logback-classic/1.2.3/logback-classic-1.2.3.jar:/Users/gerritmeier/.m2/repository/ch/qos/logback/logback-core/1.2.3/logback-core-1.2.3.jar:/Users/gerritmeier/.m2/repository/org/apache/logging/log4j/log4j-to-slf4j/2.12.1/log4j-to-slf4j-2.12.1.jar:/Users/gerritmeier/.m2/repository/org/apache/logging/log4j/log4j-api/2.12.1/log4j-api-2.12.1.jar:/Users/gerritmeier/.m2/repository/org/slf4j/jul-to-slf4j/1.7.29/jul-to-slf4j-1.7.29.jar:/Users/gerritmeier/.m2/repository/jakarta/annotation/jakarta.annotation-api/1.3.5/jakarta.annotation-api-1.3.5.jar:/Users/gerritmeier/.m2/repository/org/yaml/snakeyaml/1.25/snakeyaml-1.25.jar:/Users/gerritmeier/.m2/repository/org/springframework/data/spring-data-neo4j/5.2.1.RELEASE/spring-data-neo4j-5.2.1.RELEASE.jar:/Users/gerritmeier/.m2/repository/org/springframework/spring-tx/5.2.1.RELEASE/spring-tx-5.2.1.RELEASE.jar:/Users/gerritmeier/.m2/repository/org/springframework/spring-context/5.2.1.RELEASE/spring-context-5.2.1.RELEASE.jar:/Users/gerritmeier/.m2/repository/org/springframework/spring-aop/5.2.1.RELEASE/spring-aop-5.2.1.RELEASE.jar:/Users/gerritmeier/.m2/repository/org/springframework/spring-expression/5.2.1.RELEASE/spring-expression-5.2.1.RELEASE.jar:/Users/gerritmeier/.m2/repository/org/springframework/spring-beans/5.2.1.RELEASE/spring-beans-5.2.1.RELEASE.jar:/Users/gerritmeier/.m2/repository/org/springframework/data/spring-data-commons/2.2.1.RELEASE/spring-data-commons-2.2.1.RELEASE.jar:/Users/gerritmeier/.m2/repository/org/neo4j/neo4j-ogm-core/3.2.2/neo4j-ogm-core-3.2.2.jar:/Users/gerritmeier/.m2/repository/io/github/classgraph/classgraph/4.8.41/classgraph-4.8.41.jar:/Users/gerritmeier/.m2/repository/org/neo4j/neo4j-ogm-api/3.2.2/neo4j-ogm-api-3.2.2.jar:/Users/gerritmeier/.m2/repository/com/fasterxml/jackson/core/jackson-databind/2.10.0/jackson-databind-2.10.0.jar:/Users/gerritmeier/.m2/repository/com/fasterxml/jackson/core/jackson-annotations/2.10.0/jackson-annotations-2.10.0.jar:/Users/gerritmeier/.m2/repository/com/fasterxml/jackson/core/jackson-core/2.10.0/jackson-core-2.10.0.jar:/Users/gerritmeier/.m2/repository/com/fasterxml/jackson/datatype/jackson-datatype-jdk8/2.10.0/jackson-datatype-jdk8-2.10.0.jar:/Users/gerritmeier/.m2/repository/com/fasterxml/jackson/datatype/jackson-datatype-jsr310/2.10.0/jackson-datatype-jsr310-2.10.0.jar:/Users/gerritmeier/.m2/repository/org/neo4j/neo4j-ogm-bolt-driver/3.2.2/neo4j-ogm-bolt-driver-3.2.2.jar:/Users/gerritmeier/.m2/repository/org/neo4j/driver/neo4j-java-driver/4.0.0-beta02/neo4j-java-driver-4.0.0-beta02.jar:/Users/gerritmeier/.m2/repository/org/reactivestreams/reactive-streams/1.0.3/reactive-streams-1.0.3.jar:/Users/gerritmeier/.m2/repository/org/slf4j/slf4j-api/1.7.29/slf4j-api-1.7.29.jar:/Users/gerritmeier/.m2/repository/org/springframework/boot/spring-boot-starter-test/2.2.1.RELEASE/spring-boot-starter-test-2.2.1.RELEASE.jar:/Users/gerritmeier/.m2/repository/org/springframework/boot/spring-boot-test/2.2.1.RELEASE/spring-boot-test-2.2.1.RELEASE.jar:/Users/gerritmeier/.m2/repository/org/springframework/boot/spring-boot-test-autoconfigure/2.2.1.RELEASE/spring-boot-test-autoconfigure-2.2.1.RELEASE.jar:/Users/gerritmeier/.m2/repository/com/jayway/jsonpath/json-path/2.4.0/json-path-2.4.0.jar:/Users/gerritmeier/.m2/repository/net/minidev/json-smart/2.3/json-smart-2.3.jar:/Users/gerritmeier/.m2/repository/net/minidev/accessors-smart/1.2/accessors-smart-1.2.jar:/Users/gerritmeier/.m2/repository/org/ow2/asm/asm/5.0.4/asm-5.0.4.jar:/Users/gerritmeier/.m2/repository/jakarta/xml/bind/jakarta.xml.bind-api/2.3.2/jakarta.xml.bind-api-2.3.2.jar:/Users/gerritmeier/.m2/repository/jakarta/activation/jakarta.activation-api/1.2.1/jakarta.activation-api-1.2.1.jar:/Users/gerritmeier/.m2/repository/org/junit/jupiter/junit-jupiter/5.5.2/junit-jupiter-5.5.2.jar:/Users/gerritmeier/.m2/repository/org/junit/jupiter/junit-jupiter-params/5.3.2/junit-jupiter-params-5.3.2.jar:/Users/gerritmeier/.m2/repository/org/junit/vintage/junit-vintage-engine/5.3.2/junit-vintage-engine-5.3.2.jar:/Users/gerritmeier/.m2/repository/org/mockito/mockito-junit-jupiter/3.1.0/mockito-junit-jupiter-3.1.0.jar:/Users/gerritmeier/.m2/repository/org/assertj/assertj-core/3.13.2/assertj-core-3.13.2.jar:/Users/gerritmeier/.m2/repository/org/hamcrest/hamcrest/2.1/hamcrest-2.1.jar:/Users/gerritmeier/.m2/repository/org/mockito/mockito-core/3.1.0/mockito-core-3.1.0.jar:/Users/gerritmeier/.m2/repository/net/bytebuddy/byte-buddy/1.10.2/byte-buddy-1.10.2.jar:/Users/gerritmeier/.m2/repository/net/bytebuddy/byte-buddy-agent/1.10.2/byte-buddy-agent-1.10.2.jar:/Users/gerritmeier/.m2/repository/org/objenesis/objenesis/2.6/objenesis-2.6.jar:/Users/gerritmeier/.m2/repository/org/skyscreamer/jsonassert/1.5.0/jsonassert-1.5.0.jar:/Users/gerritmeier/.m2/repository/com/vaadin/external/google/android-json/0.0.20131108.vaadin1/android-json-0.0.20131108.vaadin1.jar:/Users/gerritmeier/.m2/repository/org/springframework/spring-core/5.2.1.RELEASE/spring-core-5.2.1.RELEASE.jar:/Users/gerritmeier/.m2/repository/org/springframework/spring-jcl/5.2.1.RELEASE/spring-jcl-5.2.1.RELEASE.jar:/Users/gerritmeier/.m2/repository/org/springframework/spring-test/5.2.1.RELEASE/spring-test-5.2.1.RELEASE.jar:/Users/gerritmeier/.m2/repository/org/xmlunit/xmlunit-core/2.6.3/xmlunit-core-2.6.3.jar:/Users/gerritmeier/.m2/repository/org/junit/jupiter/junit-jupiter-engine/5.3.2/junit-jupiter-engine-5.3.2.jar:/Users/gerritmeier/.m2/repository/org/apiguardian/apiguardian-api/1.0.0/apiguardian-api-1.0.0.jar:/Users/gerritmeier/.m2/repository/org/junit/platform/junit-platform-engine/1.3.2/junit-platform-engine-1.3.2.jar:/Users/gerritmeier/.m2/repository/org/junit/platform/junit-platform-commons/1.3.2/junit-platform-commons-1.3.2.jar:/Users/gerritmeier/.m2/repository/org/opentest4j/opentest4j/1.1.1/opentest4j-1.1.1.jar:/Users/gerritmeier/.m2/repository/org/junit/jupiter/junit-jupiter-api/5.3.2/junit-jupiter-api-5.3.2.jar:/Users/gerritmeier/.m2/repository/org/neo4j/test/neo4j-harness/3.5.11/neo4j-harness-3.5.11.jar:/Users/gerritmeier/.m2/repository/org/neo4j/neo4j/3.5.11/neo4j-3.5.11.jar:/Users/gerritmeier/.m2/repository/org/neo4j/neo4j-lucene-index/3.5.11/neo4j-lucene-index-3.5.11.jar:/Users/gerritmeier/.m2/repository/org/apache/lucene/lucene-analyzers-common/5.5.5/lucene-analyzers-common-5.5.5.jar:/Users/gerritmeier/.m2/repository/org/apache/lucene/lucene-queryparser/5.5.5/lucene-queryparser-5.5.5.jar:/Users/gerritmeier/.m2/repository/org/apache/lucene/lucene-codecs/5.5.5/lucene-codecs-5.5.5.jar:/Users/gerritmeier/.m2/repository/org/neo4j/neo4j-fulltext-index/3.5.11/neo4j-fulltext-index-3.5.11.jar:/Users/gerritmeier/.m2/repository/org/neo4j/neo4j-graph-algo/3.5.11/neo4j-graph-algo-3.5.11.jar:/Users/gerritmeier/.m2/repository/org/neo4j/neo4j-udc/3.5.11/neo4j-udc-3.5.11.jar:/Users/gerritmeier/.m2/repository/org/neo4j/neo4j-data-collector/3.5.11/neo4j-data-collector-3.5.11.jar:/Users/gerritmeier/.m2/repository/org/scala-lang/scala-library/2.11.12/scala-library-2.11.12.jar:/Users/gerritmeier/.m2/repository/org/scala-lang/scala-reflect/2.11.12/scala-reflect-2.11.12.jar:/Users/gerritmeier/.m2/repository/org/neo4j/neo4j-parser-3.5/3.5.11/neo4j-parser-3.5-3.5.11.jar:/Users/gerritmeier/.m2/repository/org/neo4j/neo4j-ast-3.5/3.5.11/neo4j-ast-3.5-3.5.11.jar:/Users/gerritmeier/.m2/repository/org/neo4j/neo4j-expressions-3.5/3.5.11/neo4j-expressions-3.5-3.5.11.jar:/Users/gerritmeier/.m2/repository/org/neo4j/neo4j-rewriting-3.5/3.5.11/neo4j-rewriting-3.5-3.5.11.jar:/Users/gerritmeier/.m2/repository/org/neo4j/neo4j-cypher/3.5.11/neo4j-cypher-3.5.11.jar:/Users/gerritmeier/.m2/repository/org/neo4j/neo4j-graph-matching/3.1.9/neo4j-graph-matching-3.1.9.jar:/Users/gerritmeier/.m2/repository/org/neo4j/neo4j-codegen/3.5.11/neo4j-codegen-3.5.11.jar:/Users/gerritmeier/.m2/repository/org/ow2/asm/asm-util/6.2/asm-util-6.2.jar:/Users/gerritmeier/.m2/repository/org/ow2/asm/asm-analysis/6.2/asm-analysis-6.2.jar:/Users/gerritmeier/.m2/repository/org/ow2/asm/asm-tree/6.2/asm-tree-6.2.jar:/Users/gerritmeier/.m2/repository/org/neo4j/neo4j-cypher-compiler-2.3/2.3.12/neo4j-cypher-compiler-2.3-2.3.12.jar:/Users/gerritmeier/.m2/repository/org/neo4j/neo4j-cypher-frontend-2.3/2.3.12/neo4j-cypher-frontend-2.3-2.3.12.jar:/Users/gerritmeier/.m2/repository/com/googlecode/concurrentlinkedhashmap/concurrentlinkedhashmap-lru/1.4.2/concurrentlinkedhashmap-lru-1.4.2.jar:/Users/gerritmeier/.m2/repository/org/neo4j/neo4j-cypher-compiler-3.1/3.1.9/neo4j-cypher-compiler-3.1-3.1.9.jar:/Users/gerritmeier/.m2/repository/org/neo4j/neo4j-cypher-frontend-3.1/3.1.9/neo4j-cypher-frontend-3.1-3.1.9.jar:/Users/gerritmeier/.m2/repository/com/github/ben-manes/caffeine/caffeine/2.8.0/caffeine-2.8.0.jar:/Users/gerritmeier/.m2/repository/org/checkerframework/checker-qual/2.10.0/checker-qual-2.10.0.jar:/Users/gerritmeier/.m2/repository/com/google/errorprone/error_prone_annotations/2.3.3/error_prone_annotations-2.3.3.jar:/Users/gerritmeier/.m2/repository/org/neo4j/neo4j-cypher-planner-3.4/3.4.15/neo4j-cypher-planner-3.4-3.4.15.jar:/Users/gerritmeier/.m2/repository/org/neo4j/openCypher-frontend-1/3.4.15/openCypher-frontend-1-3.4.15.jar:/Users/gerritmeier/.m2/repository/org/neo4j/neo4j-cypher-util-3.4/3.4.15/neo4j-cypher-util-3.4-3.4.15.jar:/Users/gerritmeier/.m2/repository/org/neo4j/neo4j-cypher-expression-3.4/3.4.15/neo4j-cypher-expression-3.4-3.4.15.jar:/Users/gerritmeier/.m2/repository/org/neo4j/neo4j-cypher-ir-3.4/3.4.15/neo4j-cypher-ir-3.4-3.4.15.jar:/Users/gerritmeier/.m2/repository/org/neo4j/neo4j-cypher-logical-plans-3.4/3.4.15/neo4j-cypher-logical-plans-3.4-3.4.15.jar:/Users/gerritmeier/.m2/repository/org/neo4j/neo4j-cypher-planner-spi-3.4/3.4.15/neo4j-cypher-planner-spi-3.4-3.4.15.jar:/Users/gerritmeier/.m2/repository/org/neo4j/neo4j-legacy/3.5.11/neo4j-legacy-3.5.11.jar:/Users/gerritmeier/.m2/repository/org/neo4j/neo4j-util-3.5/3.5.11/neo4j-util-3.5-3.5.11.jar:/Users/gerritmeier/.m2/repository/org/neo4j/neo4j-cypher-planner-3.5/3.5.11/neo4j-cypher-planner-3.5-3.5.11.jar:/Users/gerritmeier/.m2/repository/org/neo4j/neo4j-cypher-ir-3.5/3.5.11/neo4j-cypher-ir-3.5-3.5.11.jar:/Users/gerritmeier/.m2/repository/org/neo4j/neo4j-front-end-3.5/3.5.11/neo4j-front-end-3.5-3.5.11.jar:/Users/gerritmeier/.m2/repository/org/neo4j/neo4j-cypher-logical-plans-3.5/3.5.11/neo4j-cypher-logical-plans-3.5-3.5.11.jar:/Users/gerritmeier/.m2/repository/org/neo4j/neo4j-cypher-planner-spi-3.5/3.5.11/neo4j-cypher-planner-spi-3.5-3.5.11.jar:/Users/gerritmeier/.m2/repository/org/neo4j/neo4j-cypher-runtime-util/3.5.11/neo4j-cypher-runtime-util-3.5.11.jar:/Users/gerritmeier/.m2/repository/org/neo4j/neo4j-cypher-interpreted-runtime/3.5.11/neo4j-cypher-interpreted-runtime-3.5.11.jar:/Users/gerritmeier/.m2/repository/org/parboiled/parboiled-scala_2.11/1.1.7/parboiled-scala_2.11-1.1.7.jar:/Users/gerritmeier/.m2/repository/org/parboiled/parboiled-core/1.1.7/parboiled-core-1.1.7.jar:/Users/gerritmeier/.m2/repository/net/sf/opencsv/opencsv/2.3/opencsv-2.3.jar:/Users/gerritmeier/.m2/repository/org/neo4j/neo4j-jmx/3.5.11/neo4j-jmx-3.5.11.jar:/Users/gerritmeier/.m2/repository/org/neo4j/neo4j-bolt/3.5.11/neo4j-bolt-3.5.11.jar:/Users/gerritmeier/.m2/repository/io/netty/netty-all/4.1.43.Final/netty-all-4.1.43.Final.jar:/Users/gerritmeier/.m2/repository/org/neo4j/neo4j-consistency-check/3.5.11/neo4j-consistency-check-3.5.11.jar:/Users/gerritmeier/.m2/repository/org/neo4j/app/neo4j-server/3.5.11/neo4j-server-3.5.11.jar:/Users/gerritmeier/.m2/repository/org/neo4j/neo4j-security/3.5.11/neo4j-security-3.5.11.jar:/Users/gerritmeier/.m2/repository/org/neo4j/neo4j-dbms/3.5.11/neo4j-dbms-3.5.11.jar:/Users/gerritmeier/.m2/repository/org/neo4j/neo4j-import-tool/3.5.11/neo4j-import-tool-3.5.11.jar:/Users/gerritmeier/.m2/repository/org/jprocesses/jProcesses/1.6.4/jProcesses-1.6.4.jar:/Users/gerritmeier/.m2/repository/com/profesorfalken/WMI4Java/1.6.1/WMI4Java-1.6.1.jar:/Users/gerritmeier/.m2/repository/com/profesorfalken/jPowerShell/1.9/jPowerShell-1.9.jar:/Users/gerritmeier/.m2/repository/org/apache/commons/commons-compress/1.19/commons-compress-1.19.jar:/Users/gerritmeier/.m2/repository/org/neo4j/licensing-proxy/zstd-proxy/3.5.11/zstd-proxy-3.5.11.jar:/Users/gerritmeier/.m2/repository/com/github/luben/zstd-jni/1.3.8-6/zstd-jni-1.3.8-6.jar:/Users/gerritmeier/.m2/repository/org/neo4j/neo4j-command-line/3.5.11/neo4j-command-line-3.5.11.jar:/Users/gerritmeier/.m2/repository/org/apache/commons/commons-text/1.4/commons-text-1.4.jar:/Users/gerritmeier/.m2/repository/org/neo4j/server-api/3.5.11/server-api-3.5.11.jar:/Users/gerritmeier/.m2/repository/org/neo4j/3rdparty/javax/ws/rs/jsr311-api/1.1.2.r612/jsr311-api-1.1.2.r612.jar:/Users/gerritmeier/.m2/repository/org/neo4j/client/neo4j-browser/3.2.20/neo4j-browser-3.2.20.jar:/Users/gerritmeier/.m2/repository/org/eclipse/jetty/jetty-server/9.4.22.v20191022/jetty-server-9.4.22.v20191022.jar:/Users/gerritmeier/.m2/repository/javax/servlet/javax.servlet-api/4.0.1/javax.servlet-api-4.0.1.jar:/Users/gerritmeier/.m2/repository/org/eclipse/jetty/jetty-http/9.4.22.v20191022/jetty-http-9.4.22.v20191022.jar:/Users/gerritmeier/.m2/repository/org/eclipse/jetty/jetty-util/9.4.22.v20191022/jetty-util-9.4.22.v20191022.jar:/Users/gerritmeier/.m2/repository/org/eclipse/jetty/jetty-io/9.4.22.v20191022/jetty-io-9.4.22.v20191022.jar:/Users/gerritmeier/.m2/repository/org/eclipse/jetty/jetty-webapp/9.4.22.v20191022/jetty-webapp-9.4.22.v20191022.jar:/Users/gerritmeier/.m2/repository/org/eclipse/jetty/jetty-xml/9.4.22.v20191022/jetty-xml-9.4.22.v20191022.jar:/Users/gerritmeier/.m2/repository/org/eclipse/jetty/jetty-servlet/9.4.22.v20191022/jetty-servlet-9.4.22.v20191022.jar:/Users/gerritmeier/.m2/repository/org/eclipse/jetty/jetty-security/9.4.22.v20191022/jetty-security-9.4.22.v20191022.jar:/Users/gerritmeier/.m2/repository/com/sun/jersey/jersey-server/1.19.3/jersey-server-1.19.3.jar:/Users/gerritmeier/.m2/repository/com/sun/jersey/jersey-servlet/1.19.3/jersey-servlet-1.19.3.jar:/Users/gerritmeier/.m2/repository/commons-configuration/commons-configuration/1.10/commons-configuration-1.10.jar:/Users/gerritmeier/.m2/repository/commons-lang/commons-lang/2.6/commons-lang-2.6.jar:/Users/gerritmeier/.m2/repository/commons-logging/commons-logging/1.1.1/commons-logging-1.1.1.jar:/Users/gerritmeier/.m2/repository/commons-io/commons-io/2.6/commons-io-2.6.jar:/Users/gerritmeier/.m2/repository/org/codehaus/jackson/jackson-jaxrs/1.9.13/jackson-jaxrs-1.9.13.jar:/Users/gerritmeier/.m2/repository/org/codehaus/jackson/jackson-core-asl/1.9.13/jackson-core-asl-1.9.13.jar:/Users/gerritmeier/.m2/repository/org/codehaus/jackson/jackson-mapper-asl/1.9.13/jackson-mapper-asl-1.9.13.jar:/Users/gerritmeier/.m2/repository/org/bouncycastle/bcprov-jdk15on/1.60/bcprov-jdk15on-1.60.jar:/Users/gerritmeier/.m2/repository/org/bouncycastle/bcpkix-jdk15on/1.60/bcpkix-jdk15on-1.60.jar:/Users/gerritmeier/.m2/repository/javax/activation/activation/1.1.1/activation-1.1.1.jar:/Users/gerritmeier/.m2/repository/org/glassfish/jaxb/jaxb-runtime/2.3.2/jaxb-runtime-2.3.2.jar:/Users/gerritmeier/.m2/repository/org/glassfish/jaxb/txw2/2.3.2/txw2-2.3.2.jar:/Users/gerritmeier/.m2/repository/com/sun/istack/istack-commons-runtime/3.0.8/istack-commons-runtime-3.0.8.jar:/Users/gerritmeier/.m2/repository/org/jvnet/staxex/stax-ex/1.8.1/stax-ex-1.8.1.jar:/Users/gerritmeier/.m2/repository/com/sun/xml/fastinfoset/FastInfoset/1.2.16/FastInfoset-1.2.16.jar:/Users/gerritmeier/.m2/repository/javax/xml/bind/jaxb-api/2.3.1/jaxb-api-2.3.1.jar:/Users/gerritmeier/.m2/repository/javax/activation/javax.activation-api/1.2.0/javax.activation-api-1.2.0.jar:/Users/gerritmeier/.m2/repository/org/neo4j/neo4j-common/3.5.11/neo4j-common-3.5.11-tests.jar:/Users/gerritmeier/.m2/repository/org/neo4j/neo4j-kernel/3.5.11/neo4j-kernel-3.5.11-tests.jar:/Users/gerritmeier/.m2/repository/org/neo4j/neo4j-annotation-processors/3.5.11/neo4j-annotation-processors-3.5.11.jar:/Users/gerritmeier/.m2/repository/org/neo4j/neo4j-graphdb-api/3.5.11/neo4j-graphdb-api-3.5.11.jar:/Users/gerritmeier/.m2/repository/org/neo4j/neo4j-resource/3.5.11/neo4j-resource-3.5.11.jar:/Users/gerritmeier/.m2/repository/org/neo4j/neo4j-procedure-api/3.5.11/neo4j-procedure-api-3.5.11.jar:/Users/gerritmeier/.m2/repository/org/neo4j/neo4j-kernel-api/3.5.11/neo4j-kernel-api-3.5.11.jar:/Users/gerritmeier/.m2/repository/org/neo4j/neo4j-diagnostics/3.5.11/neo4j-diagnostics-3.5.11.jar:/Users/gerritmeier/.m2/repository/org/neo4j/neo4j-common/3.5.11/neo4j-common-3.5.11.jar:/Users/gerritmeier/.m2/repository/org/neo4j/neo4j-values/3.5.11/neo4j-values-3.5.11.jar:/Users/gerritmeier/.m2/repository/org/neo4j/neo4j-collections/3.5.11/neo4j-collections-3.5.11.jar:/Users/gerritmeier/.m2/repository/org/neo4j/neo4j-io/3.5.11/neo4j-io-3.5.11.jar:/Users/gerritmeier/.m2/repository/org/neo4j/neo4j-csv/3.5.11/neo4j-csv-3.5.11.jar:/Users/gerritmeier/.m2/repository/org/neo4j/neo4j-logging/3.5.11/neo4j-logging-3.5.11.jar:/Users/gerritmeier/.m2/repository/org/neo4j/neo4j-lucene-upgrade/3.5.11/neo4j-lucene-upgrade-3.5.11.jar:/Users/gerritmeier/.m2/repository/org/apache/lucene/lucene-core/5.5.5/lucene-core-5.5.5.jar:/Users/gerritmeier/.m2/repository/org/neo4j/neo4j-configuration/3.5.11/neo4j-configuration-3.5.11.jar:/Users/gerritmeier/.m2/repository/org/neo4j/neo4j-index/3.5.11/neo4j-index-3.5.11.jar:/Users/gerritmeier/.m2/repository/org/neo4j/neo4j-spatial-index/3.5.11/neo4j-spatial-index-3.5.11.jar:/Users/gerritmeier/.m2/repository/org/neo4j/neo4j-ssl/3.5.11/neo4j-ssl-3.5.11.jar:/Users/gerritmeier/.m2/repository/org/eclipse/collections/eclipse-collections/9.2.0/eclipse-collections-9.2.0.jar:/Users/gerritmeier/.m2/repository/org/eclipse/collections/eclipse-collections-api/9.2.0/eclipse-collections-api-9.2.0.jar:/Users/gerritmeier/.m2/repository/org/neo4j/neo4j-io/3.5.11/neo4j-io-3.5.11-tests.jar:/Users/gerritmeier/.m2/repository/org/neo4j/neo4j-unsafe/3.5.11/neo4j-unsafe-3.5.11.jar:/Users/gerritmeier/.m2/repository/org/apache/commons/commons-lang3/3.9/commons-lang3-3.9.jar:/Users/gerritmeier/.m2/repository/org/neo4j/neo4j-concurrent/3.5.11/neo4j-concurrent-3.5.11.jar:/Users/gerritmeier/.m2/repository/com/sun/jersey/jersey-client/1.19.3/jersey-client-1.19.3.jar:/Users/gerritmeier/.m2/repository/com/sun/jersey/jersey-core/1.19.3/jersey-core-1.19.3.jar:/Users/gerritmeier/.m2/repository/org/neo4j/app/neo4j-server/3.5.11/neo4j-server-3.5.11-tests.jar:/Users/gerritmeier/.m2/repository/commons-codec/commons-codec/1.13/commons-codec-1.13.jar:/Users/gerritmeier/.m2/repository/org/apache/httpcomponents/httpclient/4.5.10/httpclient-4.5.10.jar:/Users/gerritmeier/.m2/repository/org/apache/httpcomponents/httpcore/4.4.12/httpcore-4.4.12.jar:/Users/gerritmeier/.m2/repository/org/neo4j/neo4j-kernel/3.5.11/neo4j-kernel-3.5.11.jar:"/>
    <property name="java.vm.vendor" value="AdoptOpenJDK"/>
    <property name="sun.arch.data.model" value="64"/>
    <property name="java.vendor.url" value="https://adoptopenjdk.net/"/>
    <property name="os.name" value="Mac OS X"/>
    <property name="java.vm.specification.version" value="12"/>
    <property name="sun.java.launcher" value="SUN_STANDARD"/>
    <property name="user.country" value="DE"/>
    <property name="sun.boot.library.path" value="/Library/Java/JavaVirtualMachines/adoptopenjdk-12.jdk/Contents/Home/lib"/>
    <property name="sun.java.command" value="/Users/gerritmeier/projects/neo4j/neo4j-spring-boot-integration-tests/spring-boot-2.2/target/surefire/surefirebooter9864447925395131714.jar /Users/gerritmeier/projects/neo4j/neo4j-spring-boot-integration-tests/spring-boot-2.2/target/surefire 2019-11-14T14-49-07_356-jvmRun1 surefire7174373211513156598tmp surefire_015433904608596387233tmp"/>
    <property name="http.nonProxyHosts" value="local|*.local|169.254/16|*.169.254/16"/>
    <property name="jdk.debug" value="release"/>
    <property name="surefire.test.class.path" value="/Users/gerritmeier/projects/neo4j/neo4j-spring-boot-integration-tests/spring-boot-2.2/target/test-classes:/Users/gerritmeier/projects/neo4j/neo4j-spring-boot-integration-tests/spring-boot-2.2/target/classes:/Users/gerritmeier/.m2/repository/org/springframework/boot/spring-boot-starter-data-neo4j/2.2.1.RELEASE/spring-boot-starter-data-neo4j-2.2.1.RELEASE.jar:/Users/gerritmeier/.m2/repository/org/springframework/boot/spring-boot-starter/2.2.1.RELEASE/spring-boot-starter-2.2.1.RELEASE.jar:/Users/gerritmeier/.m2/repository/org/springframework/boot/spring-boot/2.2.1.RELEASE/spring-boot-2.2.1.RELEASE.jar:/Users/gerritmeier/.m2/repository/org/springframework/boot/spring-boot-autoconfigure/2.2.1.RELEASE/spring-boot-autoconfigure-2.2.1.RELEASE.jar:/Users/gerritmeier/.m2/repository/org/springframework/boot/spring-boot-starter-logging/2.2.1.RELEASE/spring-boot-starter-logging-2.2.1.RELEASE.jar:/Users/gerritmeier/.m2/repository/ch/qos/logback/logback-classic/1.2.3/logback-classic-1.2.3.jar:/Users/gerritmeier/.m2/repository/ch/qos/logback/logback-core/1.2.3/logback-core-1.2.3.jar:/Users/gerritmeier/.m2/repository/org/apache/logging/log4j/log4j-to-slf4j/2.12.1/log4j-to-slf4j-2.12.1.jar:/Users/gerritmeier/.m2/repository/org/apache/logging/log4j/log4j-api/2.12.1/log4j-api-2.12.1.jar:/Users/gerritmeier/.m2/repository/org/slf4j/jul-to-slf4j/1.7.29/jul-to-slf4j-1.7.29.jar:/Users/gerritmeier/.m2/repository/jakarta/annotation/jakarta.annotation-api/1.3.5/jakarta.annotation-api-1.3.5.jar:/Users/gerritmeier/.m2/repository/org/yaml/snakeyaml/1.25/snakeyaml-1.25.jar:/Users/gerritmeier/.m2/repository/org/springframework/data/spring-data-neo4j/5.2.1.RELEASE/spring-data-neo4j-5.2.1.RELEASE.jar:/Users/gerritmeier/.m2/repository/org/springframework/spring-tx/5.2.1.RELEASE/spring-tx-5.2.1.RELEASE.jar:/Users/gerritmeier/.m2/repository/org/springframework/spring-context/5.2.1.RELEASE/spring-context-5.2.1.RELEASE.jar:/Users/gerritmeier/.m2/repository/org/springframework/spring-aop/5.2.1.RELEASE/spring-aop-5.2.1.RELEASE.jar:/Users/gerritmeier/.m2/repository/org/springframework/spring-expression/5.2.1.RELEASE/spring-expression-5.2.1.RELEASE.jar:/Users/gerritmeier/.m2/repository/org/springframework/spring-beans/5.2.1.RELEASE/spring-beans-5.2.1.RELEASE.jar:/Users/gerritmeier/.m2/repository/org/springframework/data/spring-data-commons/2.2.1.RELEASE/spring-data-commons-2.2.1.RELEASE.jar:/Users/gerritmeier/.m2/repository/org/neo4j/neo4j-ogm-core/3.2.2/neo4j-ogm-core-3.2.2.jar:/Users/gerritmeier/.m2/repository/io/github/classgraph/classgraph/4.8.41/classgraph-4.8.41.jar:/Users/gerritmeier/.m2/repository/org/neo4j/neo4j-ogm-api/3.2.2/neo4j-ogm-api-3.2.2.jar:/Users/gerritmeier/.m2/repository/com/fasterxml/jackson/core/jackson-databind/2.10.0/jackson-databind-2.10.0.jar:/Users/gerritmeier/.m2/repository/com/fasterxml/jackson/core/jackson-annotations/2.10.0/jackson-annotations-2.10.0.jar:/Users/gerritmeier/.m2/repository/com/fasterxml/jackson/core/jackson-core/2.10.0/jackson-core-2.10.0.jar:/Users/gerritmeier/.m2/repository/com/fasterxml/jackson/datatype/jackson-datatype-jdk8/2.10.0/jackson-datatype-jdk8-2.10.0.jar:/Users/gerritmeier/.m2/repository/com/fasterxml/jackson/datatype/jackson-datatype-jsr310/2.10.0/jackson-datatype-jsr310-2.10.0.jar:/Users/gerritmeier/.m2/repository/org/neo4j/neo4j-ogm-bolt-driver/3.2.2/neo4j-ogm-bolt-driver-3.2.2.jar:/Users/gerritmeier/.m2/repository/org/neo4j/driver/neo4j-java-driver/4.0.0-beta02/neo4j-java-driver-4.0.0-beta02.jar:/Users/gerritmeier/.m2/repository/org/reactivestreams/reactive-streams/1.0.3/reactive-streams-1.0.3.jar:/Users/gerritmeier/.m2/repository/org/slf4j/slf4j-api/1.7.29/slf4j-api-1.7.29.jar:/Users/gerritmeier/.m2/repository/org/springframework/boot/spring-boot-starter-test/2.2.1.RELEASE/spring-boot-starter-test-2.2.1.RELEASE.jar:/Users/gerritmeier/.m2/repository/org/springframework/boot/spring-boot-test/2.2.1.RELEASE/spring-boot-test-2.2.1.RELEASE.jar:/Users/gerritmeier/.m2/repository/org/springframework/boot/spring-boot-test-autoconfigure/2.2.1.RELEASE/spring-boot-test-autoconfigure-2.2.1.RELEASE.jar:/Users/gerritmeier/.m2/repository/com/jayway/jsonpath/json-path/2.4.0/json-path-2.4.0.jar:/Users/gerritmeier/.m2/repository/net/minidev/json-smart/2.3/json-smart-2.3.jar:/Users/gerritmeier/.m2/repository/net/minidev/accessors-smart/1.2/accessors-smart-1.2.jar:/Users/gerritmeier/.m2/repository/org/ow2/asm/asm/5.0.4/asm-5.0.4.jar:/Users/gerritmeier/.m2/repository/jakarta/xml/bind/jakarta.xml.bind-api/2.3.2/jakarta.xml.bind-api-2.3.2.jar:/Users/gerritmeier/.m2/repository/jakarta/activation/jakarta.activation-api/1.2.1/jakarta.activation-api-1.2.1.jar:/Users/gerritmeier/.m2/repository/org/junit/jupiter/junit-jupiter/5.5.2/junit-jupiter-5.5.2.jar:/Users/gerritmeier/.m2/repository/org/junit/jupiter/junit-jupiter-params/5.3.2/junit-jupiter-params-5.3.2.jar:/Users/gerritmeier/.m2/repository/org/junit/vintage/junit-vintage-engine/5.3.2/junit-vintage-engine-5.3.2.jar:/Users/gerritmeier/.m2/repository/org/mockito/mockito-junit-jupiter/3.1.0/mockito-junit-jupiter-3.1.0.jar:/Users/gerritmeier/.m2/repository/org/assertj/assertj-core/3.13.2/assertj-core-3.13.2.jar:/Users/gerritmeier/.m2/repository/org/hamcrest/hamcrest/2.1/hamcrest-2.1.jar:/Users/gerritmeier/.m2/repository/org/mockito/mockito-core/3.1.0/mockito-core-3.1.0.jar:/Users/gerritmeier/.m2/repository/net/bytebuddy/byte-buddy/1.10.2/byte-buddy-1.10.2.jar:/Users/gerritmeier/.m2/repository/net/bytebuddy/byte-buddy-agent/1.10.2/byte-buddy-agent-1.10.2.jar:/Users/gerritmeier/.m2/repository/org/objenesis/objenesis/2.6/objenesis-2.6.jar:/Users/gerritmeier/.m2/repository/org/skyscreamer/jsonassert/1.5.0/jsonassert-1.5.0.jar:/Users/gerritmeier/.m2/repository/com/vaadin/external/google/android-json/0.0.20131108.vaadin1/android-json-0.0.20131108.vaadin1.jar:/Users/gerritmeier/.m2/repository/org/springframework/spring-core/5.2.1.RELEASE/spring-core-5.2.1.RELEASE.jar:/Users/gerritmeier/.m2/repository/org/springframework/spring-jcl/5.2.1.RELEASE/spring-jcl-5.2.1.RELEASE.jar:/Users/gerritmeier/.m2/repository/org/springframework/spring-test/5.2.1.RELEASE/spring-test-5.2.1.RELEASE.jar:/Users/gerritmeier/.m2/repository/org/xmlunit/xmlunit-core/2.6.3/xmlunit-core-2.6.3.jar:/Users/gerritmeier/.m2/repository/org/junit/jupiter/junit-jupiter-engine/5.3.2/junit-jupiter-engine-5.3.2.jar:/Users/gerritmeier/.m2/repository/org/apiguardian/apiguardian-api/1.0.0/apiguardian-api-1.0.0.jar:/Users/gerritmeier/.m2/repository/org/junit/platform/junit-platform-engine/1.3.2/junit-platform-engine-1.3.2.jar:/Users/gerritmeier/.m2/repository/org/junit/platform/junit-platform-commons/1.3.2/junit-platform-commons-1.3.2.jar:/Users/gerritmeier/.m2/repository/org/opentest4j/opentest4j/1.1.1/opentest4j-1.1.1.jar:/Users/gerritmeier/.m2/repository/org/junit/jupiter/junit-jupiter-api/5.3.2/junit-jupiter-api-5.3.2.jar:/Users/gerritmeier/.m2/repository/org/neo4j/test/neo4j-harness/3.5.11/neo4j-harness-3.5.11.jar:/Users/gerritmeier/.m2/repository/org/neo4j/neo4j/3.5.11/neo4j-3.5.11.jar:/Users/gerritmeier/.m2/repository/org/neo4j/neo4j-lucene-index/3.5.11/neo4j-lucene-index-3.5.11.jar:/Users/gerritmeier/.m2/repository/org/apache/lucene/lucene-analyzers-common/5.5.5/lucene-analyzers-common-5.5.5.jar:/Users/gerritmeier/.m2/repository/org/apache/lucene/lucene-queryparser/5.5.5/lucene-queryparser-5.5.5.jar:/Users/gerritmeier/.m2/repository/org/apache/lucene/lucene-codecs/5.5.5/lucene-codecs-5.5.5.jar:/Users/gerritmeier/.m2/repository/org/neo4j/neo4j-fulltext-index/3.5.11/neo4j-fulltext-index-3.5.11.jar:/Users/gerritmeier/.m2/repository/org/neo4j/neo4j-graph-algo/3.5.11/neo4j-graph-algo-3.5.11.jar:/Users/gerritmeier/.m2/repository/org/neo4j/neo4j-udc/3.5.11/neo4j-udc-3.5.11.jar:/Users/gerritmeier/.m2/repository/org/neo4j/neo4j-data-collector/3.5.11/neo4j-data-collector-3.5.11.jar:/Users/gerritmeier/.m2/repository/org/scala-lang/scala-library/2.11.12/scala-library-2.11.12.jar:/Users/gerritmeier/.m2/repository/org/scala-lang/scala-reflect/2.11.12/scala-reflect-2.11.12.jar:/Users/gerritmeier/.m2/repository/org/neo4j/neo4j-parser-3.5/3.5.11/neo4j-parser-3.5-3.5.11.jar:/Users/gerritmeier/.m2/repository/org/neo4j/neo4j-ast-3.5/3.5.11/neo4j-ast-3.5-3.5.11.jar:/Users/gerritmeier/.m2/repository/org/neo4j/neo4j-expressions-3.5/3.5.11/neo4j-expressions-3.5-3.5.11.jar:/Users/gerritmeier/.m2/repository/org/neo4j/neo4j-rewriting-3.5/3.5.11/neo4j-rewriting-3.5-3.5.11.jar:/Users/gerritmeier/.m2/repository/org/neo4j/neo4j-cypher/3.5.11/neo4j-cypher-3.5.11.jar:/Users/gerritmeier/.m2/repository/org/neo4j/neo4j-graph-matching/3.1.9/neo4j-graph-matching-3.1.9.jar:/Users/gerritmeier/.m2/repository/org/neo4j/neo4j-codegen/3.5.11/neo4j-codegen-3.5.11.jar:/Users/gerritmeier/.m2/repository/org/ow2/asm/asm-util/6.2/asm-util-6.2.jar:/Users/gerritmeier/.m2/repository/org/ow2/asm/asm-analysis/6.2/asm-analysis-6.2.jar:/Users/gerritmeier/.m2/repository/org/ow2/asm/asm-tree/6.2/asm-tree-6.2.jar:/Users/gerritmeier/.m2/repository/org/neo4j/neo4j-cypher-compiler-2.3/2.3.12/neo4j-cypher-compiler-2.3-2.3.12.jar:/Users/gerritmeier/.m2/repository/org/neo4j/neo4j-cypher-frontend-2.3/2.3.12/neo4j-cypher-frontend-2.3-2.3.12.jar:/Users/gerritmeier/.m2/repository/com/googlecode/concurrentlinkedhashmap/concurrentlinkedhashmap-lru/1.4.2/concurrentlinkedhashmap-lru-1.4.2.jar:/Users/gerritmeier/.m2/repository/org/neo4j/neo4j-cypher-compiler-3.1/3.1.9/neo4j-cypher-compiler-3.1-3.1.9.jar:/Users/gerritmeier/.m2/repository/org/neo4j/neo4j-cypher-frontend-3.1/3.1.9/neo4j-cypher-frontend-3.1-3.1.9.jar:/Users/gerritmeier/.m2/repository/com/github/ben-manes/caffeine/caffeine/2.8.0/caffeine-2.8.0.jar:/Users/gerritmeier/.m2/repository/org/checkerframework/checker-qual/2.10.0/checker-qual-2.10.0.jar:/Users/gerritmeier/.m2/repository/com/google/errorprone/error_prone_annotations/2.3.3/error_prone_annotations-2.3.3.jar:/Users/gerritmeier/.m2/repository/org/neo4j/neo4j-cypher-planner-3.4/3.4.15/neo4j-cypher-planner-3.4-3.4.15.jar:/Users/gerritmeier/.m2/repository/org/neo4j/openCypher-frontend-1/3.4.15/openCypher-frontend-1-3.4.15.jar:/Users/gerritmeier/.m2/repository/org/neo4j/neo4j-cypher-util-3.4/3.4.15/neo4j-cypher-util-3.4-3.4.15.jar:/Users/gerritmeier/.m2/repository/org/neo4j/neo4j-cypher-expression-3.4/3.4.15/neo4j-cypher-expression-3.4-3.4.15.jar:/Users/gerritmeier/.m2/repository/org/neo4j/neo4j-cypher-ir-3.4/3.4.15/neo4j-cypher-ir-3.4-3.4.15.jar:/Users/gerritmeier/.m2/repository/org/neo4j/neo4j-cypher-logical-plans-3.4/3.4.15/neo4j-cypher-logical-plans-3.4-3.4.15.jar:/Users/gerritmeier/.m2/repository/org/neo4j/neo4j-cypher-planner-spi-3.4/3.4.15/neo4j-cypher-planner-spi-3.4-3.4.15.jar:/Users/gerritmeier/.m2/repository/org/neo4j/neo4j-legacy/3.5.11/neo4j-legacy-3.5.11.jar:/Users/gerritmeier/.m2/repository/org/neo4j/neo4j-util-3.5/3.5.11/neo4j-util-3.5-3.5.11.jar:/Users/gerritmeier/.m2/repository/org/neo4j/neo4j-cypher-planner-3.5/3.5.11/neo4j-cypher-planner-3.5-3.5.11.jar:/Users/gerritmeier/.m2/repository/org/neo4j/neo4j-cypher-ir-3.5/3.5.11/neo4j-cypher-ir-3.5-3.5.11.jar:/Users/gerritmeier/.m2/repository/org/neo4j/neo4j-front-end-3.5/3.5.11/neo4j-front-end-3.5-3.5.11.jar:/Users/gerritmeier/.m2/repository/org/neo4j/neo4j-cypher-logical-plans-3.5/3.5.11/neo4j-cypher-logical-plans-3.5-3.5.11.jar:/Users/gerritmeier/.m2/repository/org/neo4j/neo4j-cypher-planner-spi-3.5/3.5.11/neo4j-cypher-planner-spi-3.5-3.5.11.jar:/Users/gerritmeier/.m2/repository/org/neo4j/neo4j-cypher-runtime-util/3.5.11/neo4j-cypher-runtime-util-3.5.11.jar:/Users/gerritmeier/.m2/repository/org/neo4j/neo4j-cypher-interpreted-runtime/3.5.11/neo4j-cypher-interpreted-runtime-3.5.11.jar:/Users/gerritmeier/.m2/repository/org/parboiled/parboiled-scala_2.11/1.1.7/parboiled-scala_2.11-1.1.7.jar:/Users/gerritmeier/.m2/repository/org/parboiled/parboiled-core/1.1.7/parboiled-core-1.1.7.jar:/Users/gerritmeier/.m2/repository/net/sf/opencsv/opencsv/2.3/opencsv-2.3.jar:/Users/gerritmeier/.m2/repository/org/neo4j/neo4j-jmx/3.5.11/neo4j-jmx-3.5.11.jar:/Users/gerritmeier/.m2/repository/org/neo4j/neo4j-bolt/3.5.11/neo4j-bolt-3.5.11.jar:/Users/gerritmeier/.m2/repository/io/netty/netty-all/4.1.43.Final/netty-all-4.1.43.Final.jar:/Users/gerritmeier/.m2/repository/org/neo4j/neo4j-consistency-check/3.5.11/neo4j-consistency-check-3.5.11.jar:/Users/gerritmeier/.m2/repository/org/neo4j/app/neo4j-server/3.5.11/neo4j-server-3.5.11.jar:/Users/gerritmeier/.m2/repository/org/neo4j/neo4j-security/3.5.11/neo4j-security-3.5.11.jar:/Users/gerritmeier/.m2/repository/org/neo4j/neo4j-dbms/3.5.11/neo4j-dbms-3.5.11.jar:/Users/gerritmeier/.m2/repository/org/neo4j/neo4j-import-tool/3.5.11/neo4j-import-tool-3.5.11.jar:/Users/gerritmeier/.m2/repository/org/jprocesses/jProcesses/1.6.4/jProcesses-1.6.4.jar:/Users/gerritmeier/.m2/repository/com/profesorfalken/WMI4Java/1.6.1/WMI4Java-1.6.1.jar:/Users/gerritmeier/.m2/repository/com/profesorfalken/jPowerShell/1.9/jPowerShell-1.9.jar:/Users/gerritmeier/.m2/repository/org/apache/commons/commons-compress/1.19/commons-compress-1.19.jar:/Users/gerritmeier/.m2/repository/org/neo4j/licensing-proxy/zstd-proxy/3.5.11/zstd-proxy-3.5.11.jar:/Users/gerritmeier/.m2/repository/com/github/luben/zstd-jni/1.3.8-6/zstd-jni-1.3.8-6.jar:/Users/gerritmeier/.m2/repository/org/neo4j/neo4j-command-line/3.5.11/neo4j-command-line-3.5.11.jar:/Users/gerritmeier/.m2/repository/org/apache/commons/commons-text/1.4/commons-text-1.4.jar:/Users/gerritmeier/.m2/repository/org/neo4j/server-api/3.5.11/server-api-3.5.11.jar:/Users/gerritmeier/.m2/repository/org/neo4j/3rdparty/javax/ws/rs/jsr311-api/1.1.2.r612/jsr311-api-1.1.2.r612.jar:/Users/gerritmeier/.m2/repository/org/neo4j/client/neo4j-browser/3.2.20/neo4j-browser-3.2.20.jar:/Users/gerritmeier/.m2/repository/org/eclipse/jetty/jetty-server/9.4.22.v20191022/jetty-server-9.4.22.v20191022.jar:/Users/gerritmeier/.m2/repository/javax/servlet/javax.servlet-api/4.0.1/javax.servlet-api-4.0.1.jar:/Users/gerritmeier/.m2/repository/org/eclipse/jetty/jetty-http/9.4.22.v20191022/jetty-http-9.4.22.v20191022.jar:/Users/gerritmeier/.m2/repository/org/eclipse/jetty/jetty-util/9.4.22.v20191022/jetty-util-9.4.22.v20191022.jar:/Users/gerritmeier/.m2/repository/org/eclipse/jetty/jetty-io/9.4.22.v20191022/jetty-io-9.4.22.v20191022.jar:/Users/gerritmeier/.m2/repository/org/eclipse/jetty/jetty-webapp/9.4.22.v20191022/jetty-webapp-9.4.22.v20191022.jar:/Users/gerritmeier/.m2/repository/org/eclipse/jetty/jetty-xml/9.4.22.v20191022/jetty-xml-9.4.22.v20191022.jar:/Users/gerritmeier/.m2/repository/org/eclipse/jetty/jetty-servlet/9.4.22.v20191022/jetty-servlet-9.4.22.v20191022.jar:/Users/gerritmeier/.m2/repository/org/eclipse/jetty/jetty-security/9.4.22.v20191022/jetty-security-9.4.22.v20191022.jar:/Users/gerritmeier/.m2/repository/com/sun/jersey/jersey-server/1.19.3/jersey-server-1.19.3.jar:/Users/gerritmeier/.m2/repository/com/sun/jersey/jersey-servlet/1.19.3/jersey-servlet-1.19.3.jar:/Users/gerritmeier/.m2/repository/commons-configuration/commons-configuration/1.10/commons-configuration-1.10.jar:/Users/gerritmeier/.m2/repository/commons-lang/commons-lang/2.6/commons-lang-2.6.jar:/Users/gerritmeier/.m2/repository/commons-logging/commons-logging/1.1.1/commons-logging-1.1.1.jar:/Users/gerritmeier/.m2/repository/commons-io/commons-io/2.6/commons-io-2.6.jar:/Users/gerritmeier/.m2/repository/org/codehaus/jackson/jackson-jaxrs/1.9.13/jackson-jaxrs-1.9.13.jar:/Users/gerritmeier/.m2/repository/org/codehaus/jackson/jackson-core-asl/1.9.13/jackson-core-asl-1.9.13.jar:/Users/gerritmeier/.m2/repository/org/codehaus/jackson/jackson-mapper-asl/1.9.13/jackson-mapper-asl-1.9.13.jar:/Users/gerritmeier/.m2/repository/org/bouncycastle/bcprov-jdk15on/1.60/bcprov-jdk15on-1.60.jar:/Users/gerritmeier/.m2/repository/org/bouncycastle/bcpkix-jdk15on/1.60/bcpkix-jdk15on-1.60.jar:/Users/gerritmeier/.m2/repository/javax/activation/activation/1.1.1/activation-1.1.1.jar:/Users/gerritmeier/.m2/repository/org/glassfish/jaxb/jaxb-runtime/2.3.2/jaxb-runtime-2.3.2.jar:/Users/gerritmeier/.m2/repository/org/glassfish/jaxb/txw2/2.3.2/txw2-2.3.2.jar:/Users/gerritmeier/.m2/repository/com/sun/istack/istack-commons-runtime/3.0.8/istack-commons-runtime-3.0.8.jar:/Users/gerritmeier/.m2/repository/org/jvnet/staxex/stax-ex/1.8.1/stax-ex-1.8.1.jar:/Users/gerritmeier/.m2/repository/com/sun/xml/fastinfoset/FastInfoset/1.2.16/FastInfoset-1.2.16.jar:/Users/gerritmeier/.m2/repository/javax/xml/bind/jaxb-api/2.3.1/jaxb-api-2.3.1.jar:/Users/gerritmeier/.m2/repository/javax/activation/javax.activation-api/1.2.0/javax.activation-api-1.2.0.jar:/Users/gerritmeier/.m2/repository/org/neo4j/neo4j-common/3.5.11/neo4j-common-3.5.11-tests.jar:/Users/gerritmeier/.m2/repository/org/neo4j/neo4j-kernel/3.5.11/neo4j-kernel-3.5.11-tests.jar:/Users/gerritmeier/.m2/repository/org/neo4j/neo4j-annotation-processors/3.5.11/neo4j-annotation-processors-3.5.11.jar:/Users/gerritmeier/.m2/repository/org/neo4j/neo4j-graphdb-api/3.5.11/neo4j-graphdb-api-3.5.11.jar:/Users/gerritmeier/.m2/repository/org/neo4j/neo4j-resource/3.5.11/neo4j-resource-3.5.11.jar:/Users/gerritmeier/.m2/repository/org/neo4j/neo4j-procedure-api/3.5.11/neo4j-procedure-api-3.5.11.jar:/Users/gerritmeier/.m2/repository/org/neo4j/neo4j-kernel-api/3.5.11/neo4j-kernel-api-3.5.11.jar:/Users/gerritmeier/.m2/repository/org/neo4j/neo4j-diagnostics/3.5.11/neo4j-diagnostics-3.5.11.jar:/Users/gerritmeier/.m2/repository/org/neo4j/neo4j-common/3.5.11/neo4j-common-3.5.11.jar:/Users/gerritmeier/.m2/repository/org/neo4j/neo4j-values/3.5.11/neo4j-values-3.5.11.jar:/Users/gerritmeier/.m2/repository/org/neo4j/neo4j-collections/3.5.11/neo4j-collections-3.5.11.jar:/Users/gerritmeier/.m2/repository/org/neo4j/neo4j-io/3.5.11/neo4j-io-3.5.11.jar:/Users/gerritmeier/.m2/repository/org/neo4j/neo4j-csv/3.5.11/neo4j-csv-3.5.11.jar:/Users/gerritmeier/.m2/repository/org/neo4j/neo4j-logging/3.5.11/neo4j-logging-3.5.11.jar:/Users/gerritmeier/.m2/repository/org/neo4j/neo4j-lucene-upgrade/3.5.11/neo4j-lucene-upgrade-3.5.11.jar:/Users/gerritmeier/.m2/repository/org/apache/lucene/lucene-core/5.5.5/lucene-core-5.5.5.jar:/Users/gerritmeier/.m2/repository/org/neo4j/neo4j-configuration/3.5.11/neo4j-configuration-3.5.11.jar:/Users/gerritmeier/.m2/repository/org/neo4j/neo4j-index/3.5.11/neo4j-index-3.5.11.jar:/Users/gerritmeier/.m2/repository/org/neo4j/neo4j-spatial-index/3.5.11/neo4j-spatial-index-3.5.11.jar:/Users/gerritmeier/.m2/repository/org/neo4j/neo4j-ssl/3.5.11/neo4j-ssl-3.5.11.jar:/Users/gerritmeier/.m2/repository/org/eclipse/collections/eclipse-collections/9.2.0/eclipse-collections-9.2.0.jar:/Users/gerritmeier/.m2/repository/org/eclipse/collections/eclipse-collections-api/9.2.0/eclipse-collections-api-9.2.0.jar:/Users/gerritmeier/.m2/repository/org/neo4j/neo4j-io/3.5.11/neo4j-io-3.5.11-tests.jar:/Users/gerritmeier/.m2/repository/org/neo4j/neo4j-unsafe/3.5.11/neo4j-unsafe-3.5.11.jar:/Users/gerritmeier/.m2/repository/org/apache/commons/commons-lang3/3.9/commons-lang3-3.9.jar:/Users/gerritmeier/.m2/repository/org/neo4j/neo4j-concurrent/3.5.11/neo4j-concurrent-3.5.11.jar:/Users/gerritmeier/.m2/repository/com/sun/jersey/jersey-client/1.19.3/jersey-client-1.19.3.jar:/Users/gerritmeier/.m2/repository/com/sun/jersey/jersey-core/1.19.3/jersey-core-1.19.3.jar:/Users/gerritmeier/.m2/repository/org/neo4j/app/neo4j-server/3.5.11/neo4j-server-3.5.11-tests.jar:/Users/gerritmeier/.m2/repository/commons-codec/commons-codec/1.13/commons-codec-1.13.jar:/Users/gerritmeier/.m2/repository/org/apache/httpcomponents/httpclient/4.5.10/httpclient-4.5.10.jar:/Users/gerritmeier/.m2/repository/org/apache/httpcomponents/httpcore/4.4.12/httpcore-4.4.12.jar:/Users/gerritmeier/.m2/repository/org/neo4j/neo4j-kernel/3.5.11/neo4j-kernel-3.5.11.jar:"/>
    <property name="sun.cpu.endian" value="little"/>
    <property name="user.home" value="/Users/gerritmeier"/>
    <property name="user.language" value="en"/>
    <property name="java.specification.vendor" value="Oracle Corporation"/>
    <property name="java.version.date" value="2019-04-16"/>
    <property name="java.home" value="/Library/Java/JavaVirtualMachines/adoptopenjdk-12.jdk/Contents/Home"/>
    <property name="file.separator" value="/"/>
    <property name="basedir" value="/Users/gerritmeier/projects/neo4j/neo4j-spring-boot-integration-tests/spring-boot-2.2"/>
    <property name="java.vm.compressedOopsMode" value="Zero based"/>
    <property name="line.separator" value="&#10;"/>
    <property name="java.vm.specification.vendor" value="Oracle Corporation"/>
    <property name="java.specification.name" value="Java Platform API Specification"/>
    <property name="java.awt.graphicsenv" value="sun.awt.CGraphicsEnvironment"/>
    <property name="surefire.real.class.path" value="/Users/gerritmeier/projects/neo4j/neo4j-spring-boot-integration-tests/spring-boot-2.2/target/surefire/surefirebooter9864447925395131714.jar"/>
    <property name="sun.management.compiler" value="HotSpot 64-Bit Tiered Compilers"/>
    <property name="ftp.nonProxyHosts" value="local|*.local|169.254/16|*.169.254/16"/>
    <property name="java.runtime.version" value="12.0.1+12"/>
    <property name="user.name" value="gerritmeier"/>
    <property name="path.separator" value=":"/>
    <property name="os.version" value="10.15.1"/>
    <property name="java.runtime.name" value="OpenJDK Runtime Environment"/>
    <property name="file.encoding" value="UTF-8"/>
    <property name="java.vm.name" value="OpenJDK 64-Bit Server VM"/>
    <property name="java.vendor.version" value="AdoptOpenJDK"/>
    <property name="spring-data-releasetrain.version" value="Moore-SR1"/>
    <property name="localRepository" value="/Users/gerritmeier/.m2/repository"/>
    <property name="java.vendor.url.bug" value="https://github.com/AdoptOpenJDK/openjdk-build/issues"/>
    <property name="java.io.tmpdir" value="/var/folders/12/vgss_vt95lx3qs91rfxft8580000gn/T/"/>
    <property name="java.version" value="12.0.1"/>
    <property name="user.dir" value="/Users/gerritmeier/projects/neo4j/neo4j-spring-boot-integration-tests/spring-boot-2.2"/>
    <property name="os.arch" value="x86_64"/>
    <property name="java.vm.specification.name" value="Java Virtual Machine Specification"/>
    <property name="java.library.path" value="/Users/gerritmeier/Library/Java/Extensions:/Library/Java/Extensions:/Network/Library/Java/Extensions:/System/Library/Java/Extensions:/usr/lib/java:."/>
    <property name="java.vm.info" value="mixed mode, sharing"/>
    <property name="java.vendor" value="AdoptOpenJDK"/>
    <property name="java.vm.version" value="12.0.1+12"/>
    <property name="sun.io.unicode.encoding" value="UnicodeBig"/>
    <property name="neo4j-ogm.version" value="3.2.2"/>
    <property name="socksNonProxyHosts" value="local|*.local|169.254/16|*.169.254/16"/>
    <property name="java.class.version" value="56.0"/>
  </properties>
  <testcase name="shouldFindStandardEntity" classname="org.neo4j.neo4jspringbootintegrationtests.domain.ThingRepositoryTest" time="1.847"/>
  <testcase name="shouldFindQueryResults" classname="org.neo4j.neo4jspringbootintegrationtests.domain.ThingRepositoryTest" time="0.117"/>
  <testcase name="shouldLoadRelationships" classname="org.neo4j.neo4jspringbootintegrationtests.domain.ThingRepositoryTest" time="0.04"/>
  <testcase name="shouldFindClosedProjection" classname="org.neo4j.neo4jspringbootintegrationtests.domain.ThingRepositoryTest" time="0.023"/>
  <testcase name="shouldFindOpenProjection" classname="org.neo4j.neo4jspringbootintegrationtests.domain.ThingRepositoryTest" time="0.104"/>
</testsuite>